2026-02-15 23:21:52,355 | INFO | Calculate dataset statistics: ['S1RTC', 'S2L2A'] 26311
2026-02-15 23:21:59,655 | INFO | S1RTC: 1000 / 26311
2026-02-15 23:22:06,617 | INFO | S1RTC: 2000 / 26311
2026-02-15 23:22:13,589 | INFO | S1RTC: 3000 / 26311
2026-02-15 23:22:20,719 | INFO | S1RTC: 4000 / 26311
2026-02-15 23:22:27,829 | INFO | S1RTC: 5000 / 26311
2026-02-15 23:22:35,024 | INFO | S1RTC: 6000 / 26311
2026-02-15 23:22:42,460 | INFO | S1RTC: 7000 / 26311
2026-02-15 23:22:50,202 | INFO | S1RTC: 8000 / 26311
2026-02-15 23:22:57,878 | INFO | S1RTC: 9000 / 26311
2026-02-15 23:23:05,523 | INFO | S1RTC: 10000 / 26311
2026-02-15 23:23:12,465 | INFO | S1RTC: 11000 / 26311
2026-02-15 23:23:19,541 | INFO | S1RTC: 12000 / 26311
2026-02-15 23:23:26,679 | INFO | S1RTC: 13000 / 26311
2026-02-15 23:23:34,077 | INFO | S1RTC: 14000 / 26311
2026-02-15 23:23:41,329 | INFO | S1RTC: 15000 / 26311
2026-02-15 23:23:48,283 | INFO | S1RTC: 16000 / 26311
2026-02-15 23:23:55,294 | INFO | S1RTC: 17000 / 26311
2026-02-15 23:24:02,248 | INFO | S1RTC: 18000 / 26311
2026-02-15 23:24:09,460 | INFO | S1RTC: 19000 / 26311
2026-02-15 23:24:16,397 | INFO | S1RTC: 20000 / 26311
2026-02-15 23:24:23,678 | INFO | S1RTC: 21000 / 26311
2026-02-15 23:24:30,529 | INFO | S1RTC: 22000 / 26311
2026-02-15 23:24:37,558 | INFO | S1RTC: 23000 / 26311
2026-02-15 23:25:01,643 | INFO | S1RTC: 24000 / 26311
2026-02-15 23:25:34,046 | INFO | S1RTC: 25000 / 26311
2026-02-15 23:26:06,086 | INFO | S1RTC: 26000 / 26311
2026-02-15 23:26:16,525 | INFO | 
============================================================
Statistics (Modality: S1RTC)
============================================================
Mean       : [-11.75303324 -17.50780573]
Std         : [5.03739141 4.57518098]
Min         : [-56.15625 -61.3125 ]
Max         : [42.3125 40.8125]
============================================================

2026-02-15 23:26:35,346 | INFO | S2L2A: 1000 / 26311
2026-02-15 23:26:54,608 | INFO | S2L2A: 2000 / 26311
2026-02-15 23:27:13,552 | INFO | S2L2A: 3000 / 26311
2026-02-15 23:27:32,314 | INFO | S2L2A: 4000 / 26311
2026-02-15 23:27:50,650 | INFO | S2L2A: 5000 / 26311
2026-02-15 23:28:09,317 | INFO | S2L2A: 6000 / 26311
2026-02-15 23:28:27,988 | INFO | S2L2A: 7000 / 26311
2026-02-15 23:28:46,567 | INFO | S2L2A: 8000 / 26311
2026-02-15 23:29:05,095 | INFO | S2L2A: 9000 / 26311
2026-02-15 23:29:23,813 | INFO | S2L2A: 10000 / 26311
2026-02-15 23:29:42,437 | INFO | S2L2A: 11000 / 26311
2026-02-15 23:30:01,391 | INFO | S2L2A: 12000 / 26311
2026-02-15 23:30:20,092 | INFO | S2L2A: 13000 / 26311
2026-02-15 23:30:38,843 | INFO | S2L2A: 14000 / 26311
2026-02-15 23:30:57,434 | INFO | S2L2A: 15000 / 26311
2026-02-15 23:31:16,466 | INFO | S2L2A: 16000 / 26311
2026-02-15 23:31:35,687 | INFO | S2L2A: 17000 / 26311
2026-02-15 23:31:54,465 | INFO | S2L2A: 18000 / 26311
2026-02-15 23:32:13,082 | INFO | S2L2A: 19000 / 26311
2026-02-15 23:32:31,892 | INFO | S2L2A: 20000 / 26311
2026-02-15 23:32:50,789 | INFO | S2L2A: 21000 / 26311
2026-02-15 23:33:09,589 | INFO | S2L2A: 22000 / 26311
2026-02-15 23:33:28,693 | INFO | S2L2A: 23000 / 26311
2026-02-15 23:33:47,687 | INFO | S2L2A: 24000 / 26311
2026-02-15 23:34:06,669 | INFO | S2L2A: 25000 / 26311
2026-02-15 23:34:25,726 | INFO | S2L2A: 26000 / 26311
2026-02-15 23:34:39,269 | INFO | 
============================================================
Statistics (Modality: S2L2A)
============================================================
Mean       : [ 716.30275126  793.14589595  959.25810479  934.06415044 1256.9637747
 1936.80935408 2167.31130707 2286.2040378  2332.05653987 2344.22551787
 1788.68863337 1285.14083175]
Std         : [ 757.69274298  779.65635364  777.1309713   836.50367516  877.741364
 1170.39447055 1317.19570184 1396.86405571 1400.85616949 1371.07279012
 1123.8796339   921.63018983]
Min         : [-998. -999. -999. -999. -999. -999. -999. -999. -999. -995. -999. -999.]
Max         : [18668. 25712. 23104. 21200. 18004. 19719. 17490. 18960. 17258. 16828.
 16807. 16525.]
============================================================

